<?xml version="1.0" encoding="UTF-8"?>
<!-- Generated by org.testng.reporters.JUnitReportReporter -->
<testsuite hostname="DESKTOP-IIG9330" failures="0" tests="1" name="TestLayer.Open_account_Test" time="28.056" errors="0" timestamp="2023-01-30T18:44:20 EST" skipped="0">
  <testcase classname="TestLayer.Open_account_Test" name="savings_TC" time="28.056"/>
  <system-out/>
</testsuite> <!-- TestLayer.Open_account_Test -->
