<?xml version="1.0" encoding="UTF-8"?>
<!-- Generated by org.testng.reporters.JUnitReportReporter -->
<testsuite hostname="DESKTOP-IIG9330" failures="0" tests="1" name="TestLayer.Update_contact_Test" time="25.443" errors="0" timestamp="2023-01-30T19:20:25 EST" skipped="0">
  <testcase classname="TestLayer.Update_contact_Test" name="update_contact_TC" time="25.443"/>
  <system-out/>
</testsuite> <!-- TestLayer.Update_contact_Test -->
