<?xml version="1.0" encoding="UTF-8"?>
<!-- Generated by org.testng.reporters.JUnitReportReporter -->
<testsuite hostname="DESKTOP-IIG9330" failures="0" tests="1" name="TestLayer.Transfer_funds_Test" time="12.341" errors="0" timestamp="2023-01-30T10:29:10 EST" skipped="0">
  <testcase classname="TestLayer.Transfer_funds_Test" name="Transfer_funds_TC" time="12.341"/>
  <system-out/>
</testsuite> <!-- TestLayer.Transfer_funds_Test -->
